<?xml version="1.0" encoding="utf-8"?>
<coverage line-rate="1" branch-rate="1" version="1.9" timestamp="1641671905" lines-covered="674" lines-valid="674" branches-covered="8" branches-valid="8">
  <sources>
    <source>C:\Users\hiryleu\Pulpit\FreeturiloBackend\NextBikeDataParser\</source>
  </sources>
  <packages>
    <package name="NextBikeDataParser" line-rate="1" branch-rate="1" complexity="223">
      <classes>
        <class name="NextBikeDataParser.markers" filename="markers.cs" line-rate="1" branch-rate="1" complexity="2">
          <methods>
            <method name="get_country" signature="()" line-rate="1" branch-rate="1" complexity="1">
              <lines>
                <line number="31" hits="106" branch="False" />
                <line number="32" hits="106" branch="False" />
                <line number="33" hits="106" branch="False" />
              </lines>
            </method>
            <method name="set_country" signature="(NextBikeDataParser.markersCountry)" line-rate="1" branch-rate="1" complexity="1">
              <lines>
                <line number="34" hits="1" branch="False" />
                <line number="35" hits="1" branch="False" />
                <line number="36" hits="1" branch="False" />
              </lines>
            </method>
          </methods>
          <lines>
            <line number="31" hits="106" branch="False" />
            <line number="32" hits="106" branch="False" />
            <line number="33" hits="106" branch="False" />
            <line number="34" hits="1" branch="False" />
            <line number="35" hits="1" branch="False" />
            <line number="36" hits="1" branch="False" />
          </lines>
        </class>
        <class name="NextBikeDataParser.markersCountry" filename="markers.cs" line-rate="1" branch-rate="1" complexity="60">
          <methods>
            <method name="get_city" signature="()" line-rate="1" branch-rate="1" complexity="1">
              <lines>
                <line number="110" hits="76" branch="False" />
                <line number="111" hits="76" branch="False" />
                <line number="112" hits="76" branch="False" />
              </lines>
            </method>
            <method name="set_city" signature="(NextBikeDataParser.markersCountryCity)" line-rate="1" branch-rate="1" complexity="1">
              <lines>
                <line number="113" hits="1" branch="False" />
                <line number="114" hits="1" branch="False" />
                <line number="115" hits="1" branch="False" />
              </lines>
            </method>
            <method name="get_lat" signature="()" line-rate="1" branch-rate="1" complexity="1">
              <lines>
                <line number="121" hits="1" branch="False" />
                <line number="122" hits="1" branch="False" />
                <line number="123" hits="1" branch="False" />
              </lines>
            </method>
            <method name="set_lat" signature="(System.Decimal)" line-rate="1" branch-rate="1" complexity="1">
              <lines>
                <line number="124" hits="1" branch="False" />
                <line number="125" hits="1" branch="False" />
                <line number="126" hits="1" branch="False" />
              </lines>
            </method>
            <method name="get_latSpecified" signature="()" line-rate="1" branch-rate="1" complexity="1">
              <lines>
                <line number="132" hits="1" branch="False" />
                <line number="133" hits="1" branch="False" />
                <line number="134" hits="1" branch="False" />
              </lines>
            </method>
            <method name="set_latSpecified" signature="(System.Boolean)" line-rate="1" branch-rate="1" complexity="1">
              <lines>
                <line number="135" hits="1" branch="False" />
                <line number="136" hits="1" branch="False" />
                <line number="137" hits="1" branch="False" />
              </lines>
            </method>
            <method name="get_lng" signature="()" line-rate="1" branch-rate="1" complexity="1">
              <lines>
                <line number="143" hits="1" branch="False" />
                <line number="144" hits="1" branch="False" />
                <line number="145" hits="1" branch="False" />
              </lines>
            </method>
            <method name="set_lng" signature="(System.Decimal)" line-rate="1" branch-rate="1" complexity="1">
              <lines>
                <line number="146" hits="1" branch="False" />
                <line number="147" hits="1" branch="False" />
                <line number="148" hits="1" branch="False" />
              </lines>
            </method>
            <method name="get_lngSpecified" signature="()" line-rate="1" branch-rate="1" complexity="1">
              <lines>
                <line number="154" hits="1" branch="False" />
                <line number="155" hits="1" branch="False" />
                <line number="156" hits="1" branch="False" />
              </lines>
            </method>
            <method name="set_lngSpecified" signature="(System.Boolean)" line-rate="1" branch-rate="1" complexity="1">
              <lines>
                <line number="157" hits="1" branch="False" />
                <line number="158" hits="1" branch="False" />
                <line number="159" hits="1" branch="False" />
              </lines>
            </method>
            <method name="get_zoom" signature="()" line-rate="1" branch-rate="1" complexity="1">
              <lines>
                <line number="165" hits="1" branch="False" />
                <line number="166" hits="1" branch="False" />
                <line number="167" hits="1" branch="False" />
              </lines>
            </method>
            <method name="set_zoom" signature="(System.Int32)" line-rate="1" branch-rate="1" complexity="1">
              <lines>
                <line number="168" hits="1" branch="False" />
                <line number="169" hits="1" branch="False" />
                <line number="170" hits="1" branch="False" />
              </lines>
            </method>
            <method name="get_zoomSpecified" signature="()" line-rate="1" branch-rate="1" complexity="1">
              <lines>
                <line number="176" hits="1" branch="False" />
                <line number="177" hits="1" branch="False" />
                <line number="178" hits="1" branch="False" />
              </lines>
            </method>
            <method name="set_zoomSpecified" signature="(System.Boolean)" line-rate="1" branch-rate="1" complexity="1">
              <lines>
                <line number="179" hits="1" branch="False" />
                <line number="180" hits="1" branch="False" />
                <line number="181" hits="1" branch="False" />
              </lines>
            </method>
            <method name="get_name" signature="()" line-rate="1" branch-rate="1" complexity="1">
              <lines>
                <line number="187" hits="1" branch="False" />
                <line number="188" hits="1" branch="False" />
                <line number="189" hits="1" branch="False" />
              </lines>
            </method>
            <method name="set_name" signature="(System.String)" line-rate="1" branch-rate="1" complexity="1">
              <lines>
                <line number="190" hits="1" branch="False" />
                <line number="191" hits="1" branch="False" />
                <line number="192" hits="1" branch="False" />
              </lines>
            </method>
            <method name="get_hotline" signature="()" line-rate="1" branch-rate="1" complexity="1">
              <lines>
                <line number="198" hits="1" branch="False" />
                <line number="199" hits="1" branch="False" />
                <line number="200" hits="1" branch="False" />
              </lines>
            </method>
            <method name="set_hotline" signature="(System.String)" line-rate="1" branch-rate="1" complexity="1">
              <lines>
                <line number="201" hits="1" branch="False" />
                <line number="202" hits="1" branch="False" />
                <line number="203" hits="1" branch="False" />
              </lines>
            </method>
            <method name="get_domain" signature="()" line-rate="1" branch-rate="1" complexity="1">
              <lines>
                <line number="209" hits="1" branch="False" />
                <line number="210" hits="1" branch="False" />
                <line number="211" hits="1" branch="False" />
              </lines>
            </method>
            <method name="set_domain" signature="(System.String)" line-rate="1" branch-rate="1" complexity="1">
              <lines>
                <line number="212" hits="1" branch="False" />
                <line number="213" hits="1" branch="False" />
                <line number="214" hits="1" branch="False" />
              </lines>
            </method>
            <method name="get_language" signature="()" line-rate="1" branch-rate="1" complexity="1">
              <lines>
                <line number="220" hits="1" branch="False" />
                <line number="221" hits="1" branch="False" />
                <line number="222" hits="1" branch="False" />
              </lines>
            </method>
            <method name="set_language" signature="(System.String)" line-rate="1" branch-rate="1" complexity="1">
              <lines>
                <line number="223" hits="1" branch="False" />
                <line number="224" hits="1" branch="False" />
                <line number="225" hits="1" branch="False" />
              </lines>
            </method>
            <method name="get_email" signature="()" line-rate="1" branch-rate="1" complexity="1">
              <lines>
                <line number="231" hits="1" branch="False" />
                <line number="232" hits="1" branch="False" />
                <line number="233" hits="1" branch="False" />
              </lines>
            </method>
            <method name="set_email" signature="(System.String)" line-rate="1" branch-rate="1" complexity="1">
              <lines>
                <line number="234" hits="1" branch="False" />
                <line number="235" hits="1" branch="False" />
                <line number="236" hits="1" branch="False" />
              </lines>
            </method>
            <method name="get_timezone" signature="()" line-rate="1" branch-rate="1" complexity="1">
              <lines>
                <line number="242" hits="1" branch="False" />
                <line number="243" hits="1" branch="False" />
                <line number="244" hits="1" branch="False" />
              </lines>
            </method>
            <method name="set_timezone" signature="(System.String)" line-rate="1" branch-rate="1" complexity="1">
              <lines>
                <line number="245" hits="1" branch="False" />
                <line number="246" hits="1" branch="False" />
                <line number="247" hits="1" branch="False" />
              </lines>
            </method>
            <method name="get_currency" signature="()" line-rate="1" branch-rate="1" complexity="1">
              <lines>
                <line number="253" hits="1" branch="False" />
                <line number="254" hits="1" branch="False" />
                <line number="255" hits="1" branch="False" />
              </lines>
            </method>
            <method name="set_currency" signature="(System.String)" line-rate="1" branch-rate="1" complexity="1">
              <lines>
                <line number="256" hits="1" branch="False" />
                <line number="257" hits="1" branch="False" />
                <line number="258" hits="1" branch="False" />
              </lines>
            </method>
            <method name="get_country_calling_code" signature="()" line-rate="1" branch-rate="1" complexity="1">
              <lines>
                <line number="264" hits="1" branch="False" />
                <line number="265" hits="1" branch="False" />
                <line number="266" hits="1" branch="False" />
              </lines>
            </method>
            <method name="set_country_calling_code" signature="(System.String)" line-rate="1" branch-rate="1" complexity="1">
              <lines>
                <line number="267" hits="1" branch="False" />
                <line number="268" hits="1" branch="False" />
                <line number="269" hits="1" branch="False" />
              </lines>
            </method>
            <method name="get_system_operator_address" signature="()" line-rate="1" branch-rate="1" complexity="1">
              <lines>
                <line number="275" hits="1" branch="False" />
                <line number="276" hits="1" branch="False" />
                <line number="277" hits="1" branch="False" />
              </lines>
            </method>
            <method name="set_system_operator_address" signature="(System.String)" line-rate="1" branch-rate="1" complexity="1">
              <lines>
                <line number="278" hits="1" branch="False" />
                <line number="279" hits="1" branch="False" />
                <line number="280" hits="1" branch="False" />
              </lines>
            </method>
            <method name="get_country" signature="()" line-rate="1" branch-rate="1" complexity="1">
              <lines>
                <line number="286" hits="1" branch="False" />
                <line number="287" hits="1" branch="False" />
                <line number="288" hits="1" branch="False" />
              </lines>
            </method>
            <method name="set_country" signature="(System.String)" line-rate="1" branch-rate="1" complexity="1">
              <lines>
                <line number="289" hits="1" branch="False" />
                <line number="290" hits="1" branch="False" />
                <line number="291" hits="1" branch="False" />
              </lines>
            </method>
            <method name="get_country_name" signature="()" line-rate="1" branch-rate="1" complexity="1">
              <lines>
                <line number="297" hits="1" branch="False" />
                <line number="298" hits="1" branch="False" />
                <line number="299" hits="1" branch="False" />
              </lines>
            </method>
            <method name="set_country_name" signature="(System.String)" line-rate="1" branch-rate="1" complexity="1">
              <lines>
                <line number="300" hits="1" branch="False" />
                <line number="301" hits="1" branch="False" />
                <line number="302" hits="1" branch="False" />
              </lines>
            </method>
            <method name="get_terms" signature="()" line-rate="1" branch-rate="1" complexity="1">
              <lines>
                <line number="308" hits="1" branch="False" />
                <line number="309" hits="1" branch="False" />
                <line number="310" hits="1" branch="False" />
              </lines>
            </method>
            <method name="set_terms" signature="(System.String)" line-rate="1" branch-rate="1" complexity="1">
              <lines>
                <line number="311" hits="1" branch="False" />
                <line number="312" hits="1" branch="False" />
                <line number="313" hits="1" branch="False" />
              </lines>
            </method>
            <method name="get_policy" signature="()" line-rate="1" branch-rate="1" complexity="1">
              <lines>
                <line number="319" hits="1" branch="False" />
                <line number="320" hits="1" branch="False" />
                <line number="321" hits="1" branch="False" />
              </lines>
            </method>
            <method name="set_policy" signature="(System.String)" line-rate="1" branch-rate="1" complexity="1">
              <lines>
                <line number="322" hits="1" branch="False" />
                <line number="323" hits="1" branch="False" />
                <line number="324" hits="1" branch="False" />
              </lines>
            </method>
            <method name="get_website" signature="()" line-rate="1" branch-rate="1" complexity="1">
              <lines>
                <line number="330" hits="1" branch="False" />
                <line number="331" hits="1" branch="False" />
                <line number="332" hits="1" branch="False" />
              </lines>
            </method>
            <method name="set_website" signature="(System.String)" line-rate="1" branch-rate="1" complexity="1">
              <lines>
                <line number="333" hits="1" branch="False" />
                <line number="334" hits="1" branch="False" />
                <line number="335" hits="1" branch="False" />
              </lines>
            </method>
            <method name="get_show_free_racks" signature="()" line-rate="1" branch-rate="1" complexity="1">
              <lines>
                <line number="341" hits="1" branch="False" />
                <line number="342" hits="1" branch="False" />
                <line number="343" hits="1" branch="False" />
              </lines>
            </method>
            <method name="set_show_free_racks" signature="(System.Int32)" line-rate="1" branch-rate="1" complexity="1">
              <lines>
                <line number="344" hits="1" branch="False" />
                <line number="345" hits="1" branch="False" />
                <line number="346" hits="1" branch="False" />
              </lines>
            </method>
            <method name="get_show_free_racksSpecified" signature="()" line-rate="1" branch-rate="1" complexity="1">
              <lines>
                <line number="352" hits="1" branch="False" />
                <line number="353" hits="1" branch="False" />
                <line number="354" hits="1" branch="False" />
              </lines>
            </method>
            <method name="set_show_free_racksSpecified" signature="(System.Boolean)" line-rate="1" branch-rate="1" complexity="1">
              <lines>
                <line number="355" hits="1" branch="False" />
                <line number="356" hits="1" branch="False" />
                <line number="357" hits="1" branch="False" />
              </lines>
            </method>
            <method name="get_booked_bikes" signature="()" line-rate="1" branch-rate="1" complexity="1">
              <lines>
                <line number="363" hits="1" branch="False" />
                <line number="364" hits="1" branch="False" />
                <line number="365" hits="1" branch="False" />
              </lines>
            </method>
            <method name="set_booked_bikes" signature="(System.Int32)" line-rate="1" branch-rate="1" complexity="1">
              <lines>
                <line number="366" hits="1" branch="False" />
                <line number="367" hits="1" branch="False" />
                <line number="368" hits="1" branch="False" />
              </lines>
            </method>
            <method name="get_booked_bikesSpecified" signature="()" line-rate="1" branch-rate="1" complexity="1">
              <lines>
                <line number="374" hits="1" branch="False" />
                <line number="375" hits="1" branch="False" />
                <line number="376" hits="1" branch="False" />
              </lines>
            </method>
            <method name="set_booked_bikesSpecified" signature="(System.Boolean)" line-rate="1" branch-rate="1" complexity="1">
              <lines>
                <line number="377" hits="1" branch="False" />
                <line number="378" hits="1" branch="False" />
                <line number="379" hits="1" branch="False" />
              </lines>
            </method>
            <method name="get_set_point_bikes" signature="()" line-rate="1" branch-rate="1" complexity="1">
              <lines>
                <line number="385" hits="1" branch="False" />
                <line number="386" hits="1" branch="False" />
                <line number="387" hits="1" branch="False" />
              </lines>
            </method>
            <method name="set_set_point_bikes" signature="(System.Int32)" line-rate="1" branch-rate="1" complexity="1">
              <lines>
                <line number="388" hits="1" branch="False" />
                <line number="389" hits="1" branch="False" />
                <line number="390" hits="1" branch="False" />
              </lines>
            </method>
            <method name="get_set_point_bikesSpecified" signature="()" line-rate="1" branch-rate="1" complexity="1">
              <lines>
                <line number="396" hits="1" branch="False" />
                <line number="397" hits="1" branch="False" />
                <line number="398" hits="1" branch="False" />
              </lines>
            </method>
            <method name="set_set_point_bikesSpecified" signature="(System.Boolean)" line-rate="1" branch-rate="1" complexity="1">
              <lines>
                <line number="399" hits="1" branch="False" />
                <line number="400" hits="1" branch="False" />
                <line number="401" hits="1" branch="False" />
              </lines>
            </method>
            <method name="get_available_bikes" signature="()" line-rate="1" branch-rate="1" complexity="1">
              <lines>
                <line number="407" hits="1" branch="False" />
                <line number="408" hits="1" branch="False" />
                <line number="409" hits="1" branch="False" />
              </lines>
            </method>
            <method name="set_available_bikes" signature="(System.Int32)" line-rate="1" branch-rate="1" complexity="1">
              <lines>
                <line number="410" hits="1" branch="False" />
                <line number="411" hits="1" branch="False" />
                <line number="412" hits="1" branch="False" />
              </lines>
            </method>
            <method name="get_available_bikesSpecified" signature="()" line-rate="1" branch-rate="1" complexity="1">
              <lines>
                <line number="418" hits="1" branch="False" />
                <line number="419" hits="1" branch="False" />
                <line number="420" hits="1" branch="False" />
              </lines>
            </method>
            <method name="set_available_bikesSpecified" signature="(System.Boolean)" line-rate="1" branch-rate="1" complexity="1">
              <lines>
                <line number="421" hits="1" branch="False" />
                <line number="422" hits="1" branch="False" />
                <line number="423" hits="1" branch="False" />
              </lines>
            </method>
            <method name="get_pricing" signature="()" line-rate="1" branch-rate="1" complexity="1">
              <lines>
                <line number="429" hits="1" branch="False" />
                <line number="430" hits="1" branch="False" />
                <line number="431" hits="1" branch="False" />
              </lines>
            </method>
            <method name="set_pricing" signature="(System.String)" line-rate="1" branch-rate="1" complexity="1">
              <lines>
                <line number="432" hits="1" branch="False" />
                <line number="433" hits="1" branch="False" />
                <line number="434" hits="1" branch="False" />
              </lines>
            </method>
          </methods>
          <lines>
            <line number="110" hits="76" branch="False" />
            <line number="111" hits="76" branch="False" />
            <line number="112" hits="76" branch="False" />
            <line number="113" hits="1" branch="False" />
            <line number="114" hits="1" branch="False" />
            <line number="115" hits="1" branch="False" />
            <line number="121" hits="1" branch="False" />
            <line number="122" hits="1" branch="False" />
            <line number="123" hits="1" branch="False" />
            <line number="124" hits="1" branch="False" />
            <line number="125" hits="1" branch="False" />
            <line number="126" hits="1" branch="False" />
            <line number="132" hits="1" branch="False" />
            <line number="133" hits="1" branch="False" />
            <line number="134" hits="1" branch="False" />
            <line number="135" hits="1" branch="False" />
            <line number="136" hits="1" branch="False" />
            <line number="137" hits="1" branch="False" />
            <line number="143" hits="1" branch="False" />
            <line number="144" hits="1" branch="False" />
            <line number="145" hits="1" branch="False" />
            <line number="146" hits="1" branch="False" />
            <line number="147" hits="1" branch="False" />
            <line number="148" hits="1" branch="False" />
            <line number="154" hits="1" branch="False" />
            <line number="155" hits="1" branch="False" />
            <line number="156" hits="1" branch="False" />
            <line number="157" hits="1" branch="False" />
            <line number="158" hits="1" branch="False" />
            <line number="159" hits="1" branch="False" />
            <line number="165" hits="1" branch="False" />
            <line number="166" hits="1" branch="False" />
            <line number="167" hits="1" branch="False" />
            <line number="168" hits="1" branch="False" />
            <line number="169" hits="1" branch="False" />
            <line number="170" hits="1" branch="False" />
            <line number="176" hits="1" branch="False" />
            <line number="177" hits="1" branch="False" />
            <line number="178" hits="1" branch="False" />
            <line number="179" hits="1" branch="False" />
            <line number="180" hits="1" branch="False" />
            <line number="181" hits="1" branch="False" />
            <line number="187" hits="1" branch="False" />
            <line number="188" hits="1" branch="False" />
            <line number="189" hits="1" branch="False" />
            <line number="190" hits="1" branch="False" />
            <line number="191" hits="1" branch="False" />
            <line number="192" hits="1" branch="False" />
            <line number="198" hits="1" branch="False" />
            <line number="199" hits="1" branch="False" />
            <line number="200" hits="1" branch="False" />
            <line number="201" hits="1" branch="False" />
            <line number="202" hits="1" branch="False" />
            <line number="203" hits="1" branch="False" />
            <line number="209" hits="1" branch="False" />
            <line number="210" hits="1" branch="False" />
            <line number="211" hits="1" branch="False" />
            <line number="212" hits="1" branch="False" />
            <line number="213" hits="1" branch="False" />
            <line number="214" hits="1" branch="False" />
            <line number="220" hits="1" branch="False" />
            <line number="221" hits="1" branch="False" />
            <line number="222" hits="1" branch="False" />
            <line number="223" hits="1" branch="False" />
            <line number="224" hits="1" branch="False" />
            <line number="225" hits="1" branch="False" />
            <line number="231" hits="1" branch="False" />
            <line number="232" hits="1" branch="False" />
            <line number="233" hits="1" branch="False" />
            <line number="234" hits="1" branch="False" />
            <line number="235" hits="1" branch="False" />
            <line number="236" hits="1" branch="False" />
            <line number="242" hits="1" branch="False" />
            <line number="243" hits="1" branch="False" />
            <line number="244" hits="1" branch="False" />
            <line number="245" hits="1" branch="False" />
            <line number="246" hits="1" branch="False" />
            <line number="247" hits="1" branch="False" />
            <line number="253" hits="1" branch="False" />
            <line number="254" hits="1" branch="False" />
            <line number="255" hits="1" branch="False" />
            <line number="256" hits="1" branch="False" />
            <line number="257" hits="1" branch="False" />
            <line number="258" hits="1" branch="False" />
            <line number="264" hits="1" branch="False" />
            <line number="265" hits="1" branch="False" />
            <line number="266" hits="1" branch="False" />
            <line number="267" hits="1" branch="False" />
            <line number="268" hits="1" branch="False" />
            <line number="269" hits="1" branch="False" />
            <line number="275" hits="1" branch="False" />
            <line number="276" hits="1" branch="False" />
            <line number="277" hits="1" branch="False" />
            <line number="278" hits="1" branch="False" />
            <line number="279" hits="1" branch="False" />
            <line number="280" hits="1" branch="False" />
            <line number="286" hits="1" branch="False" />
            <line number="287" hits="1" branch="False" />
            <line number="288" hits="1" branch="False" />
            <line number="289" hits="1" branch="False" />
            <line number="290" hits="1" branch="False" />
            <line number="291" hits="1" branch="False" />
            <line number="297" hits="1" branch="False" />
            <line number="298" hits="1" branch="False" />
            <line number="299" hits="1" branch="False" />
            <line number="300" hits="1" branch="False" />
            <line number="301" hits="1" branch="False" />
            <line number="302" hits="1" branch="False" />
            <line number="308" hits="1" branch="False" />
            <line number="309" hits="1" branch="False" />
            <line number="310" hits="1" branch="False" />
            <line number="311" hits="1" branch="False" />
            <line number="312" hits="1" branch="False" />
            <line number="313" hits="1" branch="False" />
            <line number="319" hits="1" branch="False" />
            <line number="320" hits="1" branch="False" />
            <line number="321" hits="1" branch="False" />
            <line number="322" hits="1" branch="False" />
            <line number="323" hits="1" branch="False" />
            <line number="324" hits="1" branch="False" />
            <line number="330" hits="1" branch="False" />
            <line number="331" hits="1" branch="False" />
            <line number="332" hits="1" branch="False" />
            <line number="333" hits="1" branch="False" />
            <line number="334" hits="1" branch="False" />
            <line number="335" hits="1" branch="False" />
            <line number="341" hits="1" branch="False" />
            <line number="342" hits="1" branch="False" />
            <line number="343" hits="1" branch="False" />
            <line number="344" hits="1" branch="False" />
            <line number="345" hits="1" branch="False" />
            <line number="346" hits="1" branch="False" />
            <line number="352" hits="1" branch="False" />
            <line number="353" hits="1" branch="False" />
            <line number="354" hits="1" branch="False" />
            <line number="355" hits="1" branch="False" />
            <line number="356" hits="1" branch="False" />
            <line number="357" hits="1" branch="False" />
            <line number="363" hits="1" branch="False" />
            <line number="364" hits="1" branch="False" />
            <line number="365" hits="1" branch="False" />
            <line number="366" hits="1" branch="False" />
            <line number="367" hits="1" branch="False" />
            <line number="368" hits="1" branch="False" />
            <line number="374" hits="1" branch="False" />
            <line number="375" hits="1" branch="False" />
            <line number="376" hits="1" branch="False" />
            <line number="377" hits="1" branch="False" />
            <line number="378" hits="1" branch="False" />
            <line number="379" hits="1" branch="False" />
            <line number="385" hits="1" branch="False" />
            <line number="386" hits="1" branch="False" />
            <line number="387" hits="1" branch="False" />
            <line number="388" hits="1" branch="False" />
            <line number="389" hits="1" branch="False" />
            <line number="390" hits="1" branch="False" />
            <line number="396" hits="1" branch="False" />
            <line number="397" hits="1" branch="False" />
            <line number="398" hits="1" branch="False" />
            <line number="399" hits="1" branch="False" />
            <line number="400" hits="1" branch="False" />
            <line number="401" hits="1" branch="False" />
            <line number="407" hits="1" branch="False" />
            <line number="408" hits="1" branch="False" />
            <line number="409" hits="1" branch="False" />
            <line number="410" hits="1" branch="False" />
            <line number="411" hits="1" branch="False" />
            <line number="412" hits="1" branch="False" />
            <line number="418" hits="1" branch="False" />
            <line number="419" hits="1" branch="False" />
            <line number="420" hits="1" branch="False" />
            <line number="421" hits="1" branch="False" />
            <line number="422" hits="1" branch="False" />
            <line number="423" hits="1" branch="False" />
            <line number="429" hits="1" branch="False" />
            <line number="430" hits="1" branch="False" />
            <line number="431" hits="1" branch="False" />
            <line number="432" hits="1" branch="False" />
            <line number="433" hits="1" branch="False" />
            <line number="434" hits="1" branch="False" />
          </lines>
        </class>
        <class name="NextBikeDataParser.markersCountryCity" filename="markers.cs" line-rate="1" branch-rate="1" complexity="56">
          <methods>
            <method name="get_place" signature="()" line-rate="1" branch-rate="1" complexity="1">
              <lines>
                <line number="505" hits="48" branch="False" />
                <line number="506" hits="48" branch="False" />
                <line number="507" hits="48" branch="False" />
              </lines>
            </method>
            <method name="set_place" signature="(NextBikeDataParser.markersCountryCityPlace[])" line-rate="1" branch-rate="1" complexity="1">
              <lines>
                <line number="508" hits="1" branch="False" />
                <line number="509" hits="1" branch="False" />
                <line number="510" hits="1" branch="False" />
              </lines>
            </method>
            <method name="get_uid" signature="()" line-rate="1" branch-rate="1" complexity="1">
              <lines>
                <line number="516" hits="1" branch="False" />
                <line number="517" hits="1" branch="False" />
                <line number="518" hits="1" branch="False" />
              </lines>
            </method>
            <method name="set_uid" signature="(System.Int32)" line-rate="1" branch-rate="1" complexity="1">
              <lines>
                <line number="519" hits="1" branch="False" />
                <line number="520" hits="1" branch="False" />
                <line number="521" hits="1" branch="False" />
              </lines>
            </method>
            <method name="get_lat" signature="()" line-rate="1" branch-rate="1" complexity="1">
              <lines>
                <line number="527" hits="1" branch="False" />
                <line number="528" hits="1" branch="False" />
                <line number="529" hits="1" branch="False" />
              </lines>
            </method>
            <method name="set_lat" signature="(System.Decimal)" line-rate="1" branch-rate="1" complexity="1">
              <lines>
                <line number="530" hits="1" branch="False" />
                <line number="531" hits="1" branch="False" />
                <line number="532" hits="1" branch="False" />
              </lines>
            </method>
            <method name="get_latSpecified" signature="()" line-rate="1" branch-rate="1" complexity="1">
              <lines>
                <line number="538" hits="1" branch="False" />
                <line number="539" hits="1" branch="False" />
                <line number="540" hits="1" branch="False" />
              </lines>
            </method>
            <method name="set_latSpecified" signature="(System.Boolean)" line-rate="1" branch-rate="1" complexity="1">
              <lines>
                <line number="541" hits="1" branch="False" />
                <line number="542" hits="1" branch="False" />
                <line number="543" hits="1" branch="False" />
              </lines>
            </method>
            <method name="get_lng" signature="()" line-rate="1" branch-rate="1" complexity="1">
              <lines>
                <line number="549" hits="1" branch="False" />
                <line number="550" hits="1" branch="False" />
                <line number="551" hits="1" branch="False" />
              </lines>
            </method>
            <method name="set_lng" signature="(System.Decimal)" line-rate="1" branch-rate="1" complexity="1">
              <lines>
                <line number="552" hits="1" branch="False" />
                <line number="553" hits="1" branch="False" />
                <line number="554" hits="1" branch="False" />
              </lines>
            </method>
            <method name="get_lngSpecified" signature="()" line-rate="1" branch-rate="1" complexity="1">
              <lines>
                <line number="560" hits="1" branch="False" />
                <line number="561" hits="1" branch="False" />
                <line number="562" hits="1" branch="False" />
              </lines>
            </method>
            <method name="set_lngSpecified" signature="(System.Boolean)" line-rate="1" branch-rate="1" complexity="1">
              <lines>
                <line number="563" hits="1" branch="False" />
                <line number="564" hits="1" branch="False" />
                <line number="565" hits="1" branch="False" />
              </lines>
            </method>
            <method name="get_zoom" signature="()" line-rate="1" branch-rate="1" complexity="1">
              <lines>
                <line number="571" hits="1" branch="False" />
                <line number="572" hits="1" branch="False" />
                <line number="573" hits="1" branch="False" />
              </lines>
            </method>
            <method name="set_zoom" signature="(System.Int32)" line-rate="1" branch-rate="1" complexity="1">
              <lines>
                <line number="574" hits="1" branch="False" />
                <line number="575" hits="1" branch="False" />
                <line number="576" hits="1" branch="False" />
              </lines>
            </method>
            <method name="get_zoomSpecified" signature="()" line-rate="1" branch-rate="1" complexity="1">
              <lines>
                <line number="582" hits="1" branch="False" />
                <line number="583" hits="1" branch="False" />
                <line number="584" hits="1" branch="False" />
              </lines>
            </method>
            <method name="set_zoomSpecified" signature="(System.Boolean)" line-rate="1" branch-rate="1" complexity="1">
              <lines>
                <line number="585" hits="1" branch="False" />
                <line number="586" hits="1" branch="False" />
                <line number="587" hits="1" branch="False" />
              </lines>
            </method>
            <method name="get_maps_icon" signature="()" line-rate="1" branch-rate="1" complexity="1">
              <lines>
                <line number="593" hits="1" branch="False" />
                <line number="594" hits="1" branch="False" />
                <line number="595" hits="1" branch="False" />
              </lines>
            </method>
            <method name="set_maps_icon" signature="(System.String)" line-rate="1" branch-rate="1" complexity="1">
              <lines>
                <line number="596" hits="1" branch="False" />
                <line number="597" hits="1" branch="False" />
                <line number="598" hits="1" branch="False" />
              </lines>
            </method>
            <method name="get_alias" signature="()" line-rate="1" branch-rate="1" complexity="1">
              <lines>
                <line number="604" hits="1" branch="False" />
                <line number="605" hits="1" branch="False" />
                <line number="606" hits="1" branch="False" />
              </lines>
            </method>
            <method name="set_alias" signature="(System.String)" line-rate="1" branch-rate="1" complexity="1">
              <lines>
                <line number="607" hits="1" branch="False" />
                <line number="608" hits="1" branch="False" />
                <line number="609" hits="1" branch="False" />
              </lines>
            </method>
            <method name="get_name" signature="()" line-rate="1" branch-rate="1" complexity="1">
              <lines>
                <line number="615" hits="1" branch="False" />
                <line number="616" hits="1" branch="False" />
                <line number="617" hits="1" branch="False" />
              </lines>
            </method>
            <method name="set_name" signature="(System.String)" line-rate="1" branch-rate="1" complexity="1">
              <lines>
                <line number="618" hits="1" branch="False" />
                <line number="619" hits="1" branch="False" />
                <line number="620" hits="1" branch="False" />
              </lines>
            </method>
            <method name="get_break" signature="()" line-rate="1" branch-rate="1" complexity="1">
              <lines>
                <line number="626" hits="1" branch="False" />
                <line number="627" hits="1" branch="False" />
                <line number="628" hits="1" branch="False" />
              </lines>
            </method>
            <method name="set_break" signature="(System.Int32)" line-rate="1" branch-rate="1" complexity="1">
              <lines>
                <line number="629" hits="1" branch="False" />
                <line number="630" hits="1" branch="False" />
                <line number="631" hits="1" branch="False" />
              </lines>
            </method>
            <method name="get_breakSpecified" signature="()" line-rate="1" branch-rate="1" complexity="1">
              <lines>
                <line number="637" hits="1" branch="False" />
                <line number="638" hits="1" branch="False" />
                <line number="639" hits="1" branch="False" />
              </lines>
            </method>
            <method name="set_breakSpecified" signature="(System.Boolean)" line-rate="1" branch-rate="1" complexity="1">
              <lines>
                <line number="640" hits="1" branch="False" />
                <line number="641" hits="1" branch="False" />
                <line number="642" hits="1" branch="False" />
              </lines>
            </method>
            <method name="get_num_places" signature="()" line-rate="1" branch-rate="1" complexity="1">
              <lines>
                <line number="648" hits="1" branch="False" />
                <line number="649" hits="1" branch="False" />
                <line number="650" hits="1" branch="False" />
              </lines>
            </method>
            <method name="set_num_places" signature="(System.Int32)" line-rate="1" branch-rate="1" complexity="1">
              <lines>
                <line number="651" hits="1" branch="False" />
                <line number="652" hits="1" branch="False" />
                <line number="653" hits="1" branch="False" />
              </lines>
            </method>
            <method name="get_num_placesSpecified" signature="()" line-rate="1" branch-rate="1" complexity="1">
              <lines>
                <line number="659" hits="1" branch="False" />
                <line number="660" hits="1" branch="False" />
                <line number="661" hits="1" branch="False" />
              </lines>
            </method>
            <method name="set_num_placesSpecified" signature="(System.Boolean)" line-rate="1" branch-rate="1" complexity="1">
              <lines>
                <line number="662" hits="1" branch="False" />
                <line number="663" hits="1" branch="False" />
                <line number="664" hits="1" branch="False" />
              </lines>
            </method>
            <method name="get_refresh_rate" signature="()" line-rate="1" branch-rate="1" complexity="1">
              <lines>
                <line number="670" hits="1" branch="False" />
                <line number="671" hits="1" branch="False" />
                <line number="672" hits="1" branch="False" />
              </lines>
            </method>
            <method name="set_refresh_rate" signature="(System.Int32)" line-rate="1" branch-rate="1" complexity="1">
              <lines>
                <line number="673" hits="1" branch="False" />
                <line number="674" hits="1" branch="False" />
                <line number="675" hits="1" branch="False" />
              </lines>
            </method>
            <method name="get_refresh_rateSpecified" signature="()" line-rate="1" branch-rate="1" complexity="1">
              <lines>
                <line number="681" hits="1" branch="False" />
                <line number="682" hits="1" branch="False" />
                <line number="683" hits="1" branch="False" />
              </lines>
            </method>
            <method name="set_refresh_rateSpecified" signature="(System.Boolean)" line-rate="1" branch-rate="1" complexity="1">
              <lines>
                <line number="684" hits="1" branch="False" />
                <line number="685" hits="1" branch="False" />
                <line number="686" hits="1" branch="False" />
              </lines>
            </method>
            <method name="get_bounds" signature="()" line-rate="1" branch-rate="1" complexity="1">
              <lines>
                <line number="692" hits="1" branch="False" />
                <line number="693" hits="1" branch="False" />
                <line number="694" hits="1" branch="False" />
              </lines>
            </method>
            <method name="set_bounds" signature="(System.String)" line-rate="1" branch-rate="1" complexity="1">
              <lines>
                <line number="695" hits="1" branch="False" />
                <line number="696" hits="1" branch="False" />
                <line number="697" hits="1" branch="False" />
              </lines>
            </method>
            <method name="get_booked_bikes" signature="()" line-rate="1" branch-rate="1" complexity="1">
              <lines>
                <line number="703" hits="1" branch="False" />
                <line number="704" hits="1" branch="False" />
                <line number="705" hits="1" branch="False" />
              </lines>
            </method>
            <method name="set_booked_bikes" signature="(System.Int32)" line-rate="1" branch-rate="1" complexity="1">
              <lines>
                <line number="706" hits="1" branch="False" />
                <line number="707" hits="1" branch="False" />
                <line number="708" hits="1" branch="False" />
              </lines>
            </method>
            <method name="get_booked_bikesSpecified" signature="()" line-rate="1" branch-rate="1" complexity="1">
              <lines>
                <line number="714" hits="1" branch="False" />
                <line number="715" hits="1" branch="False" />
                <line number="716" hits="1" branch="False" />
              </lines>
            </method>
            <method name="set_booked_bikesSpecified" signature="(System.Boolean)" line-rate="1" branch-rate="1" complexity="1">
              <lines>
                <line number="717" hits="1" branch="False" />
                <line number="718" hits="1" branch="False" />
                <line number="719" hits="1" branch="False" />
              </lines>
            </method>
            <method name="get_set_point_bikes" signature="()" line-rate="1" branch-rate="1" complexity="1">
              <lines>
                <line number="725" hits="1" branch="False" />
                <line number="726" hits="1" branch="False" />
                <line number="727" hits="1" branch="False" />
              </lines>
            </method>
            <method name="set_set_point_bikes" signature="(System.Int32)" line-rate="1" branch-rate="1" complexity="1">
              <lines>
                <line number="728" hits="1" branch="False" />
                <line number="729" hits="1" branch="False" />
                <line number="730" hits="1" branch="False" />
              </lines>
            </method>
            <method name="get_set_point_bikesSpecified" signature="()" line-rate="1" branch-rate="1" complexity="1">
              <lines>
                <line number="736" hits="1" branch="False" />
                <line number="737" hits="1" branch="False" />
                <line number="738" hits="1" branch="False" />
              </lines>
            </method>
            <method name="set_set_point_bikesSpecified" signature="(System.Boolean)" line-rate="1" branch-rate="1" complexity="1">
              <lines>
                <line number="739" hits="1" branch="False" />
                <line number="740" hits="1" branch="False" />
                <line number="741" hits="1" branch="False" />
              </lines>
            </method>
            <method name="get_return_to_official_only" signature="()" line-rate="1" branch-rate="1" complexity="1">
              <lines>
                <line number="747" hits="1" branch="False" />
                <line number="748" hits="1" branch="False" />
                <line number="749" hits="1" branch="False" />
              </lines>
            </method>
            <method name="set_return_to_official_only" signature="(System.Int32)" line-rate="1" branch-rate="1" complexity="1">
              <lines>
                <line number="750" hits="1" branch="False" />
                <line number="751" hits="1" branch="False" />
                <line number="752" hits="1" branch="False" />
              </lines>
            </method>
            <method name="get_return_to_official_onlySpecified" signature="()" line-rate="1" branch-rate="1" complexity="1">
              <lines>
                <line number="758" hits="1" branch="False" />
                <line number="759" hits="1" branch="False" />
                <line number="760" hits="1" branch="False" />
              </lines>
            </method>
            <method name="set_return_to_official_onlySpecified" signature="(System.Boolean)" line-rate="1" branch-rate="1" complexity="1">
              <lines>
                <line number="761" hits="1" branch="False" />
                <line number="762" hits="1" branch="False" />
                <line number="763" hits="1" branch="False" />
              </lines>
            </method>
            <method name="get_bike_types" signature="()" line-rate="1" branch-rate="1" complexity="1">
              <lines>
                <line number="769" hits="1" branch="False" />
                <line number="770" hits="1" branch="False" />
                <line number="771" hits="1" branch="False" />
              </lines>
            </method>
            <method name="set_bike_types" signature="(System.String)" line-rate="1" branch-rate="1" complexity="1">
              <lines>
                <line number="772" hits="1" branch="False" />
                <line number="773" hits="1" branch="False" />
                <line number="774" hits="1" branch="False" />
              </lines>
            </method>
            <method name="get_website" signature="()" line-rate="1" branch-rate="1" complexity="1">
              <lines>
                <line number="780" hits="1" branch="False" />
                <line number="781" hits="1" branch="False" />
                <line number="782" hits="1" branch="False" />
              </lines>
            </method>
            <method name="set_website" signature="(System.String)" line-rate="1" branch-rate="1" complexity="1">
              <lines>
                <line number="783" hits="1" branch="False" />
                <line number="784" hits="1" branch="False" />
                <line number="785" hits="1" branch="False" />
              </lines>
            </method>
            <method name="get_available_bikes" signature="()" line-rate="1" branch-rate="1" complexity="1">
              <lines>
                <line number="791" hits="1" branch="False" />
                <line number="792" hits="1" branch="False" />
                <line number="793" hits="1" branch="False" />
              </lines>
            </method>
            <method name="set_available_bikes" signature="(System.Int32)" line-rate="1" branch-rate="1" complexity="1">
              <lines>
                <line number="794" hits="1" branch="False" />
                <line number="795" hits="1" branch="False" />
                <line number="796" hits="1" branch="False" />
              </lines>
            </method>
            <method name="get_available_bikesSpecified" signature="()" line-rate="1" branch-rate="1" complexity="1">
              <lines>
                <line number="802" hits="1" branch="False" />
                <line number="803" hits="1" branch="False" />
                <line number="804" hits="1" branch="False" />
              </lines>
            </method>
            <method name="set_available_bikesSpecified" signature="(System.Boolean)" line-rate="1" branch-rate="1" complexity="1">
              <lines>
                <line number="805" hits="1" branch="False" />
                <line number="806" hits="1" branch="False" />
                <line number="807" hits="1" branch="False" />
              </lines>
            </method>
          </methods>
          <lines>
            <line number="505" hits="48" branch="False" />
            <line number="506" hits="48" branch="False" />
            <line number="507" hits="48" branch="False" />
            <line number="508" hits="1" branch="False" />
            <line number="509" hits="1" branch="False" />
            <line number="510" hits="1" branch="False" />
            <line number="516" hits="1" branch="False" />
            <line number="517" hits="1" branch="False" />
            <line number="518" hits="1" branch="False" />
            <line number="519" hits="1" branch="False" />
            <line number="520" hits="1" branch="False" />
            <line number="521" hits="1" branch="False" />
            <line number="527" hits="1" branch="False" />
            <line number="528" hits="1" branch="False" />
            <line number="529" hits="1" branch="False" />
            <line number="530" hits="1" branch="False" />
            <line number="531" hits="1" branch="False" />
            <line number="532" hits="1" branch="False" />
            <line number="538" hits="1" branch="False" />
            <line number="539" hits="1" branch="False" />
            <line number="540" hits="1" branch="False" />
            <line number="541" hits="1" branch="False" />
            <line number="542" hits="1" branch="False" />
            <line number="543" hits="1" branch="False" />
            <line number="549" hits="1" branch="False" />
            <line number="550" hits="1" branch="False" />
            <line number="551" hits="1" branch="False" />
            <line number="552" hits="1" branch="False" />
            <line number="553" hits="1" branch="False" />
            <line number="554" hits="1" branch="False" />
            <line number="560" hits="1" branch="False" />
            <line number="561" hits="1" branch="False" />
            <line number="562" hits="1" branch="False" />
            <line number="563" hits="1" branch="False" />
            <line number="564" hits="1" branch="False" />
            <line number="565" hits="1" branch="False" />
            <line number="571" hits="1" branch="False" />
            <line number="572" hits="1" branch="False" />
            <line number="573" hits="1" branch="False" />
            <line number="574" hits="1" branch="False" />
            <line number="575" hits="1" branch="False" />
            <line number="576" hits="1" branch="False" />
            <line number="582" hits="1" branch="False" />
            <line number="583" hits="1" branch="False" />
            <line number="584" hits="1" branch="False" />
            <line number="585" hits="1" branch="False" />
            <line number="586" hits="1" branch="False" />
            <line number="587" hits="1" branch="False" />
            <line number="593" hits="1" branch="False" />
            <line number="594" hits="1" branch="False" />
            <line number="595" hits="1" branch="False" />
            <line number="596" hits="1" branch="False" />
            <line number="597" hits="1" branch="False" />
            <line number="598" hits="1" branch="False" />
            <line number="604" hits="1" branch="False" />
            <line number="605" hits="1" branch="False" />
            <line number="606" hits="1" branch="False" />
            <line number="607" hits="1" branch="False" />
            <line number="608" hits="1" branch="False" />
            <line number="609" hits="1" branch="False" />
            <line number="615" hits="1" branch="False" />
            <line number="616" hits="1" branch="False" />
            <line number="617" hits="1" branch="False" />
            <line number="618" hits="1" branch="False" />
            <line number="619" hits="1" branch="False" />
            <line number="620" hits="1" branch="False" />
            <line number="626" hits="1" branch="False" />
            <line number="627" hits="1" branch="False" />
            <line number="628" hits="1" branch="False" />
            <line number="629" hits="1" branch="False" />
            <line number="630" hits="1" branch="False" />
            <line number="631" hits="1" branch="False" />
            <line number="637" hits="1" branch="False" />
            <line number="638" hits="1" branch="False" />
            <line number="639" hits="1" branch="False" />
            <line number="640" hits="1" branch="False" />
            <line number="641" hits="1" branch="False" />
            <line number="642" hits="1" branch="False" />
            <line number="648" hits="1" branch="False" />
            <line number="649" hits="1" branch="False" />
            <line number="650" hits="1" branch="False" />
            <line number="651" hits="1" branch="False" />
            <line number="652" hits="1" branch="False" />
            <line number="653" hits="1" branch="False" />
            <line number="659" hits="1" branch="False" />
            <line number="660" hits="1" branch="False" />
            <line number="661" hits="1" branch="False" />
            <line number="662" hits="1" branch="False" />
            <line number="663" hits="1" branch="False" />
            <line number="664" hits="1" branch="False" />
            <line number="670" hits="1" branch="False" />
            <line number="671" hits="1" branch="False" />
            <line number="672" hits="1" branch="False" />
            <line number="673" hits="1" branch="False" />
            <line number="674" hits="1" branch="False" />
            <line number="675" hits="1" branch="False" />
            <line number="681" hits="1" branch="False" />
            <line number="682" hits="1" branch="False" />
            <line number="683" hits="1" branch="False" />
            <line number="684" hits="1" branch="False" />
            <line number="685" hits="1" branch="False" />
            <line number="686" hits="1" branch="False" />
            <line number="692" hits="1" branch="False" />
            <line number="693" hits="1" branch="False" />
            <line number="694" hits="1" branch="False" />
            <line number="695" hits="1" branch="False" />
            <line number="696" hits="1" branch="False" />
            <line number="697" hits="1" branch="False" />
            <line number="703" hits="1" branch="False" />
            <line number="704" hits="1" branch="False" />
            <line number="705" hits="1" branch="False" />
            <line number="706" hits="1" branch="False" />
            <line number="707" hits="1" branch="False" />
            <line number="708" hits="1" branch="False" />
            <line number="714" hits="1" branch="False" />
            <line number="715" hits="1" branch="False" />
            <line number="716" hits="1" branch="False" />
            <line number="717" hits="1" branch="False" />
            <line number="718" hits="1" branch="False" />
            <line number="719" hits="1" branch="False" />
            <line number="725" hits="1" branch="False" />
            <line number="726" hits="1" branch="False" />
            <line number="727" hits="1" branch="False" />
            <line number="728" hits="1" branch="False" />
            <line number="729" hits="1" branch="False" />
            <line number="730" hits="1" branch="False" />
            <line number="736" hits="1" branch="False" />
            <line number="737" hits="1" branch="False" />
            <line number="738" hits="1" branch="False" />
            <line number="739" hits="1" branch="False" />
            <line number="740" hits="1" branch="False" />
            <line number="741" hits="1" branch="False" />
            <line number="747" hits="1" branch="False" />
            <line number="748" hits="1" branch="False" />
            <line number="749" hits="1" branch="False" />
            <line number="750" hits="1" branch="False" />
            <line number="751" hits="1" branch="False" />
            <line number="752" hits="1" branch="False" />
            <line number="758" hits="1" branch="False" />
            <line number="759" hits="1" branch="False" />
            <line number="760" hits="1" branch="False" />
            <line number="761" hits="1" branch="False" />
            <line number="762" hits="1" branch="False" />
            <line number="763" hits="1" branch="False" />
            <line number="769" hits="1" branch="False" />
            <line number="770" hits="1" branch="False" />
            <line number="771" hits="1" branch="False" />
            <line number="772" hits="1" branch="False" />
            <line number="773" hits="1" branch="False" />
            <line number="774" hits="1" branch="False" />
            <line number="780" hits="1" branch="False" />
            <line number="781" hits="1" branch="False" />
            <line number="782" hits="1" branch="False" />
            <line number="783" hits="1" branch="False" />
            <line number="784" hits="1" branch="False" />
            <line number="785" hits="1" branch="False" />
            <line number="791" hits="1" branch="False" />
            <line number="792" hits="1" branch="False" />
            <line number="793" hits="1" branch="False" />
            <line number="794" hits="1" branch="False" />
            <line number="795" hits="1" branch="False" />
            <line number="796" hits="1" branch="False" />
            <line number="802" hits="1" branch="False" />
            <line number="803" hits="1" branch="False" />
            <line number="804" hits="1" branch="False" />
            <line number="805" hits="1" branch="False" />
            <line number="806" hits="1" branch="False" />
            <line number="807" hits="1" branch="False" />
          </lines>
        </class>
        <class name="NextBikeDataParser.markersCountryCityPlace" filename="markers.cs" line-rate="1" branch-rate="1" complexity="68">
          <methods>
            <method name="get_bike" signature="()" line-rate="1" branch-rate="1" complexity="1">
              <lines>
                <line number="890" hits="14" branch="False" />
                <line number="891" hits="14" branch="False" />
                <line number="892" hits="14" branch="False" />
              </lines>
            </method>
            <method name="set_bike" signature="(NextBikeDataParser.markersCountryCityPlaceBike[])" line-rate="1" branch-rate="1" complexity="1">
              <lines>
                <line number="893" hits="1" branch="False" />
                <line number="894" hits="1" branch="False" />
                <line number="895" hits="1" branch="False" />
              </lines>
            </method>
            <method name="get_uid" signature="()" line-rate="1" branch-rate="1" complexity="1">
              <lines>
                <line number="901" hits="1" branch="False" />
                <line number="902" hits="1" branch="False" />
                <line number="903" hits="1" branch="False" />
              </lines>
            </method>
            <method name="set_uid" signature="(System.Int32)" line-rate="1" branch-rate="1" complexity="1">
              <lines>
                <line number="904" hits="1" branch="False" />
                <line number="905" hits="1" branch="False" />
                <line number="906" hits="1" branch="False" />
              </lines>
            </method>
            <method name="get_uidSpecified" signature="()" line-rate="1" branch-rate="1" complexity="1">
              <lines>
                <line number="912" hits="1" branch="False" />
                <line number="913" hits="1" branch="False" />
                <line number="914" hits="1" branch="False" />
              </lines>
            </method>
            <method name="set_uidSpecified" signature="(System.Boolean)" line-rate="1" branch-rate="1" complexity="1">
              <lines>
                <line number="915" hits="1" branch="False" />
                <line number="916" hits="1" branch="False" />
                <line number="917" hits="1" branch="False" />
              </lines>
            </method>
            <method name="get_lat" signature="()" line-rate="1" branch-rate="1" complexity="1">
              <lines>
                <line number="923" hits="1" branch="False" />
                <line number="924" hits="1" branch="False" />
                <line number="925" hits="1" branch="False" />
              </lines>
            </method>
            <method name="set_lat" signature="(System.Decimal)" line-rate="1" branch-rate="1" complexity="1">
              <lines>
                <line number="926" hits="1" branch="False" />
                <line number="927" hits="1" branch="False" />
                <line number="928" hits="1" branch="False" />
              </lines>
            </method>
            <method name="get_latSpecified" signature="()" line-rate="1" branch-rate="1" complexity="1">
              <lines>
                <line number="934" hits="1" branch="False" />
                <line number="935" hits="1" branch="False" />
                <line number="936" hits="1" branch="False" />
              </lines>
            </method>
            <method name="set_latSpecified" signature="(System.Boolean)" line-rate="1" branch-rate="1" complexity="1">
              <lines>
                <line number="937" hits="1" branch="False" />
                <line number="938" hits="1" branch="False" />
                <line number="939" hits="1" branch="False" />
              </lines>
            </method>
            <method name="get_lng" signature="()" line-rate="1" branch-rate="1" complexity="1">
              <lines>
                <line number="945" hits="1" branch="False" />
                <line number="946" hits="1" branch="False" />
                <line number="947" hits="1" branch="False" />
              </lines>
            </method>
            <method name="set_lng" signature="(System.Decimal)" line-rate="1" branch-rate="1" complexity="1">
              <lines>
                <line number="948" hits="1" branch="False" />
                <line number="949" hits="1" branch="False" />
                <line number="950" hits="1" branch="False" />
              </lines>
            </method>
            <method name="get_lngSpecified" signature="()" line-rate="1" branch-rate="1" complexity="1">
              <lines>
                <line number="956" hits="1" branch="False" />
                <line number="957" hits="1" branch="False" />
                <line number="958" hits="1" branch="False" />
              </lines>
            </method>
            <method name="set_lngSpecified" signature="(System.Boolean)" line-rate="1" branch-rate="1" complexity="1">
              <lines>
                <line number="959" hits="1" branch="False" />
                <line number="960" hits="1" branch="False" />
                <line number="961" hits="1" branch="False" />
              </lines>
            </method>
            <method name="get_name" signature="()" line-rate="1" branch-rate="1" complexity="1">
              <lines>
                <line number="967" hits="1" branch="False" />
                <line number="968" hits="1" branch="False" />
                <line number="969" hits="1" branch="False" />
              </lines>
            </method>
            <method name="set_name" signature="(System.String)" line-rate="1" branch-rate="1" complexity="1">
              <lines>
                <line number="970" hits="1" branch="False" />
                <line number="971" hits="1" branch="False" />
                <line number="972" hits="1" branch="False" />
              </lines>
            </method>
            <method name="get_spot" signature="()" line-rate="1" branch-rate="1" complexity="1">
              <lines>
                <line number="978" hits="1" branch="False" />
                <line number="979" hits="1" branch="False" />
                <line number="980" hits="1" branch="False" />
              </lines>
            </method>
            <method name="set_spot" signature="(System.Int32)" line-rate="1" branch-rate="1" complexity="1">
              <lines>
                <line number="981" hits="1" branch="False" />
                <line number="982" hits="1" branch="False" />
                <line number="983" hits="1" branch="False" />
              </lines>
            </method>
            <method name="get_spotSpecified" signature="()" line-rate="1" branch-rate="1" complexity="1">
              <lines>
                <line number="989" hits="1" branch="False" />
                <line number="990" hits="1" branch="False" />
                <line number="991" hits="1" branch="False" />
              </lines>
            </method>
            <method name="set_spotSpecified" signature="(System.Boolean)" line-rate="1" branch-rate="1" complexity="1">
              <lines>
                <line number="992" hits="1" branch="False" />
                <line number="993" hits="1" branch="False" />
                <line number="994" hits="1" branch="False" />
              </lines>
            </method>
            <method name="get_bike1" signature="()" line-rate="1" branch-rate="1" complexity="1">
              <lines>
                <line number="1000" hits="1" branch="False" />
                <line number="1001" hits="1" branch="False" />
                <line number="1002" hits="1" branch="False" />
              </lines>
            </method>
            <method name="set_bike1" signature="(System.Int32)" line-rate="1" branch-rate="1" complexity="1">
              <lines>
                <line number="1003" hits="1" branch="False" />
                <line number="1004" hits="1" branch="False" />
                <line number="1005" hits="1" branch="False" />
              </lines>
            </method>
            <method name="get_bike1Specified" signature="()" line-rate="1" branch-rate="1" complexity="1">
              <lines>
                <line number="1011" hits="1" branch="False" />
                <line number="1012" hits="1" branch="False" />
                <line number="1013" hits="1" branch="False" />
              </lines>
            </method>
            <method name="set_bike1Specified" signature="(System.Boolean)" line-rate="1" branch-rate="1" complexity="1">
              <lines>
                <line number="1014" hits="1" branch="False" />
                <line number="1015" hits="1" branch="False" />
                <line number="1016" hits="1" branch="False" />
              </lines>
            </method>
            <method name="get_number" signature="()" line-rate="1" branch-rate="1" complexity="1">
              <lines>
                <line number="1022" hits="1" branch="False" />
                <line number="1023" hits="1" branch="False" />
                <line number="1024" hits="1" branch="False" />
              </lines>
            </method>
            <method name="set_number" signature="(System.Int32)" line-rate="1" branch-rate="1" complexity="1">
              <lines>
                <line number="1025" hits="1" branch="False" />
                <line number="1026" hits="1" branch="False" />
                <line number="1027" hits="1" branch="False" />
              </lines>
            </method>
            <method name="get_numberSpecified" signature="()" line-rate="1" branch-rate="1" complexity="1">
              <lines>
                <line number="1033" hits="1" branch="False" />
                <line number="1034" hits="1" branch="False" />
                <line number="1035" hits="1" branch="False" />
              </lines>
            </method>
            <method name="set_numberSpecified" signature="(System.Boolean)" line-rate="1" branch-rate="1" complexity="1">
              <lines>
                <line number="1036" hits="1" branch="False" />
                <line number="1037" hits="1" branch="False" />
                <line number="1038" hits="1" branch="False" />
              </lines>
            </method>
            <method name="get_booked_bikes" signature="()" line-rate="1" branch-rate="1" complexity="1">
              <lines>
                <line number="1044" hits="1" branch="False" />
                <line number="1045" hits="1" branch="False" />
                <line number="1046" hits="1" branch="False" />
              </lines>
            </method>
            <method name="set_booked_bikes" signature="(System.Int32)" line-rate="1" branch-rate="1" complexity="1">
              <lines>
                <line number="1047" hits="1" branch="False" />
                <line number="1048" hits="1" branch="False" />
                <line number="1049" hits="1" branch="False" />
              </lines>
            </method>
            <method name="get_booked_bikesSpecified" signature="()" line-rate="1" branch-rate="1" complexity="1">
              <lines>
                <line number="1055" hits="1" branch="False" />
                <line number="1056" hits="1" branch="False" />
                <line number="1057" hits="1" branch="False" />
              </lines>
            </method>
            <method name="set_booked_bikesSpecified" signature="(System.Boolean)" line-rate="1" branch-rate="1" complexity="1">
              <lines>
                <line number="1058" hits="1" branch="False" />
                <line number="1059" hits="1" branch="False" />
                <line number="1060" hits="1" branch="False" />
              </lines>
            </method>
            <method name="get_bikes" signature="()" line-rate="1" branch-rate="1" complexity="1">
              <lines>
                <line number="1066" hits="1" branch="False" />
                <line number="1067" hits="1" branch="False" />
                <line number="1068" hits="1" branch="False" />
              </lines>
            </method>
            <method name="set_bikes" signature="(System.Int32)" line-rate="1" branch-rate="1" complexity="1">
              <lines>
                <line number="1069" hits="1" branch="False" />
                <line number="1070" hits="1" branch="False" />
                <line number="1071" hits="1" branch="False" />
              </lines>
            </method>
            <method name="get_bikesSpecified" signature="()" line-rate="1" branch-rate="1" complexity="1">
              <lines>
                <line number="1077" hits="1" branch="False" />
                <line number="1078" hits="1" branch="False" />
                <line number="1079" hits="1" branch="False" />
              </lines>
            </method>
            <method name="set_bikesSpecified" signature="(System.Boolean)" line-rate="1" branch-rate="1" complexity="1">
              <lines>
                <line number="1080" hits="1" branch="False" />
                <line number="1081" hits="1" branch="False" />
                <line number="1082" hits="1" branch="False" />
              </lines>
            </method>
            <method name="get_bikes_available_to_rent" signature="()" line-rate="1" branch-rate="1" complexity="1">
              <lines>
                <line number="1088" hits="1" branch="False" />
                <line number="1089" hits="1" branch="False" />
                <line number="1090" hits="1" branch="False" />
              </lines>
            </method>
            <method name="set_bikes_available_to_rent" signature="(System.Int32)" line-rate="1" branch-rate="1" complexity="1">
              <lines>
                <line number="1091" hits="1" branch="False" />
                <line number="1092" hits="1" branch="False" />
                <line number="1093" hits="1" branch="False" />
              </lines>
            </method>
            <method name="get_bikes_available_to_rentSpecified" signature="()" line-rate="1" branch-rate="1" complexity="1">
              <lines>
                <line number="1099" hits="1" branch="False" />
                <line number="1100" hits="1" branch="False" />
                <line number="1101" hits="1" branch="False" />
              </lines>
            </method>
            <method name="set_bikes_available_to_rentSpecified" signature="(System.Boolean)" line-rate="1" branch-rate="1" complexity="1">
              <lines>
                <line number="1102" hits="1" branch="False" />
                <line number="1103" hits="1" branch="False" />
                <line number="1104" hits="1" branch="False" />
              </lines>
            </method>
            <method name="get_bike_racks" signature="()" line-rate="1" branch-rate="1" complexity="1">
              <lines>
                <line number="1110" hits="1" branch="False" />
                <line number="1111" hits="1" branch="False" />
                <line number="1112" hits="1" branch="False" />
              </lines>
            </method>
            <method name="set_bike_racks" signature="(System.Int32)" line-rate="1" branch-rate="1" complexity="1">
              <lines>
[...]
                <line number="1315" hits="16" branch="False" />
              </lines>
            </method>
            <method name="get_bike_type" signature="()" line-rate="1" branch-rate="1" complexity="1">
              <lines>
                <line number="1321" hits="1" branch="False" />
                <line number="1322" hits="1" branch="False" />
                <line number="1323" hits="1" branch="False" />
              </lines>
            </method>
            <method name="set_bike_type" signature="(System.Int32)" line-rate="1" branch-rate="1" complexity="1">
              <lines>
                <line number="1324" hits="16" branch="False" />
                <line number="1325" hits="16" branch="False" />
                <line number="1326" hits="16" branch="False" />
              </lines>
            </method>
            <method name="get_bike_typeSpecified" signature="()" line-rate="1" branch-rate="1" complexity="1">
              <lines>
                <line number="1332" hits="1" branch="False" />
                <line number="1333" hits="1" branch="False" />
                <line number="1334" hits="1" branch="False" />
              </lines>
            </method>
            <method name="set_bike_typeSpecified" signature="(System.Boolean)" line-rate="1" branch-rate="1" complexity="1">
              <lines>
                <line number="1335" hits="16" branch="False" />
                <line number="1336" hits="16" branch="False" />
                <line number="1337" hits="16" branch="False" />
              </lines>
            </method>
            <method name="get_lock_types" signature="()" line-rate="1" branch-rate="1" complexity="1">
              <lines>
                <line number="1343" hits="1" branch="False" />
                <line number="1344" hits="1" branch="False" />
                <line number="1345" hits="1" branch="False" />
              </lines>
            </method>
            <method name="set_lock_types" signature="(System.String)" line-rate="1" branch-rate="1" complexity="1">
              <lines>
                <line number="1346" hits="16" branch="False" />
                <line number="1347" hits="16" branch="False" />
                <line number="1348" hits="16" branch="False" />
              </lines>
            </method>
            <method name="get_active" signature="()" line-rate="1" branch-rate="1" complexity="1">
              <lines>
                <line number="1354" hits="1" branch="False" />
                <line number="1355" hits="1" branch="False" />
                <line number="1356" hits="1" branch="False" />
              </lines>
            </method>
            <method name="set_active" signature="(System.Int32)" line-rate="1" branch-rate="1" complexity="1">
              <lines>
                <line number="1357" hits="16" branch="False" />
                <line number="1358" hits="16" branch="False" />
                <line number="1359" hits="16" branch="False" />
              </lines>
            </method>
            <method name="get_activeSpecified" signature="()" line-rate="1" branch-rate="1" complexity="1">
              <lines>
                <line number="1365" hits="1" branch="False" />
                <line number="1366" hits="1" branch="False" />
                <line number="1367" hits="1" branch="False" />
              </lines>
            </method>
            <method name="set_activeSpecified" signature="(System.Boolean)" line-rate="1" branch-rate="1" complexity="1">
              <lines>
                <line number="1368" hits="16" branch="False" />
                <line number="1369" hits="16" branch="False" />
                <line number="1370" hits="16" branch="False" />
              </lines>
            </method>
            <method name="get_state" signature="()" line-rate="1" branch-rate="1" complexity="1">
              <lines>
                <line number="1376" hits="1" branch="False" />
                <line number="1377" hits="1" branch="False" />
                <line number="1378" hits="1" branch="False" />
              </lines>
            </method>
            <method name="set_state" signature="(System.String)" line-rate="1" branch-rate="1" complexity="1">
              <lines>
                <line number="1379" hits="16" branch="False" />
                <line number="1380" hits="16" branch="False" />
                <line number="1381" hits="16" branch="False" />
              </lines>
            </method>
            <method name="get_pedelec_battery" signature="()" line-rate="1" branch-rate="1" complexity="1">
              <lines>
                <line number="1387" hits="1" branch="False" />
                <line number="1388" hits="1" branch="False" />
                <line number="1389" hits="1" branch="False" />
              </lines>
            </method>
            <method name="set_pedelec_battery" signature="(System.String)" line-rate="1" branch-rate="1" complexity="1">
              <lines>
                <line number="1390" hits="16" branch="False" />
                <line number="1391" hits="16" branch="False" />
                <line number="1392" hits="16" branch="False" />
              </lines>
            </method>
            <method name="get_electric_lock" signature="()" line-rate="1" branch-rate="1" complexity="1">
              <lines>
                <line number="1398" hits="1" branch="False" />
                <line number="1399" hits="1" branch="False" />
                <line number="1400" hits="1" branch="False" />
              </lines>
            </method>
            <method name="set_electric_lock" signature="(System.Int32)" line-rate="1" branch-rate="1" complexity="1">
              <lines>
                <line number="1401" hits="1" branch="False" />
                <line number="1402" hits="1" branch="False" />
                <line number="1403" hits="1" branch="False" />
              </lines>
            </method>
            <method name="get_electric_lockSpecified" signature="()" line-rate="1" branch-rate="1" complexity="1">
              <lines>
                <line number="1409" hits="1" branch="False" />
                <line number="1410" hits="1" branch="False" />
                <line number="1411" hits="1" branch="False" />
              </lines>
            </method>
            <method name="set_electric_lockSpecified" signature="(System.Boolean)" line-rate="1" branch-rate="1" complexity="1">
              <lines>
                <line number="1412" hits="1" branch="False" />
                <line number="1413" hits="1" branch="False" />
                <line number="1414" hits="1" branch="False" />
              </lines>
            </method>
            <method name="get_boardcomputer" signature="()" line-rate="1" branch-rate="1" complexity="1">
              <lines>
                <line number="1420" hits="1" branch="False" />
                <line number="1421" hits="1" branch="False" />
                <line number="1422" hits="1" branch="False" />
              </lines>
            </method>
            <method name="set_boardcomputer" signature="(System.Int32)" line-rate="1" branch-rate="1" complexity="1">
              <lines>
                <line number="1423" hits="1" branch="False" />
                <line number="1424" hits="1" branch="False" />
                <line number="1425" hits="1" branch="False" />
              </lines>
            </method>
            <method name="get_boardcomputerSpecified" signature="()" line-rate="1" branch-rate="1" complexity="1">
              <lines>
                <line number="1431" hits="1" branch="False" />
                <line number="1432" hits="1" branch="False" />
                <line number="1433" hits="1" branch="False" />
              </lines>
            </method>
            <method name="set_boardcomputerSpecified" signature="(System.Boolean)" line-rate="1" branch-rate="1" complexity="1">
              <lines>
                <line number="1434" hits="1" branch="False" />
                <line number="1435" hits="1" branch="False" />
                <line number="1436" hits="1" branch="False" />
              </lines>
            </method>
          </methods>
          <lines>
            <line number="1299" hits="1" branch="False" />
            <line number="1300" hits="1" branch="False" />
            <line number="1301" hits="1" branch="False" />
            <line number="1302" hits="16" branch="False" />
            <line number="1303" hits="16" branch="False" />
            <line number="1304" hits="16" branch="False" />
            <line number="1310" hits="1" branch="False" />
            <line number="1311" hits="1" branch="False" />
            <line number="1312" hits="1" branch="False" />
            <line number="1313" hits="16" branch="False" />
            <line number="1314" hits="16" branch="False" />
            <line number="1315" hits="16" branch="False" />
            <line number="1321" hits="1" branch="False" />
            <line number="1322" hits="1" branch="False" />
            <line number="1323" hits="1" branch="False" />
            <line number="1324" hits="16" branch="False" />
            <line number="1325" hits="16" branch="False" />
            <line number="1326" hits="16" branch="False" />
            <line number="1332" hits="1" branch="False" />
            <line number="1333" hits="1" branch="False" />
            <line number="1334" hits="1" branch="False" />
            <line number="1335" hits="16" branch="False" />
            <line number="1336" hits="16" branch="False" />
            <line number="1337" hits="16" branch="False" />
            <line number="1343" hits="1" branch="False" />
            <line number="1344" hits="1" branch="False" />
            <line number="1345" hits="1" branch="False" />
            <line number="1346" hits="16" branch="False" />
            <line number="1347" hits="16" branch="False" />
            <line number="1348" hits="16" branch="False" />
            <line number="1354" hits="1" branch="False" />
            <line number="1355" hits="1" branch="False" />
            <line number="1356" hits="1" branch="False" />
            <line number="1357" hits="16" branch="False" />
            <line number="1358" hits="16" branch="False" />
            <line number="1359" hits="16" branch="False" />
            <line number="1365" hits="1" branch="False" />
            <line number="1366" hits="1" branch="False" />
            <line number="1367" hits="1" branch="False" />
            <line number="1368" hits="16" branch="False" />
            <line number="1369" hits="16" branch="False" />
            <line number="1370" hits="16" branch="False" />
            <line number="1376" hits="1" branch="False" />
            <line number="1377" hits="1" branch="False" />
            <line number="1378" hits="1" branch="False" />
            <line number="1379" hits="16" branch="False" />
            <line number="1380" hits="16" branch="False" />
            <line number="1381" hits="16" branch="False" />
            <line number="1387" hits="1" branch="False" />
            <line number="1388" hits="1" branch="False" />
            <line number="1389" hits="1" branch="False" />
            <line number="1390" hits="16" branch="False" />
            <line number="1391" hits="16" branch="False" />
            <line number="1392" hits="16" branch="False" />
            <line number="1398" hits="1" branch="False" />
            <line number="1399" hits="1" branch="False" />
            <line number="1400" hits="1" branch="False" />
            <line number="1401" hits="1" branch="False" />
            <line number="1402" hits="1" branch="False" />
            <line number="1403" hits="1" branch="False" />
            <line number="1409" hits="1" branch="False" />
            <line number="1410" hits="1" branch="False" />
            <line number="1411" hits="1" branch="False" />
            <line number="1412" hits="1" branch="False" />
            <line number="1413" hits="1" branch="False" />
            <line number="1414" hits="1" branch="False" />
            <line number="1420" hits="1" branch="False" />
            <line number="1421" hits="1" branch="False" />
            <line number="1422" hits="1" branch="False" />
            <line number="1423" hits="1" branch="False" />
            <line number="1424" hits="1" branch="False" />
            <line number="1425" hits="1" branch="False" />
            <line number="1431" hits="1" branch="False" />
            <line number="1432" hits="1" branch="False" />
            <line number="1433" hits="1" branch="False" />
            <line number="1434" hits="1" branch="False" />
            <line number="1435" hits="1" branch="False" />
            <line number="1436" hits="1" branch="False" />
          </lines>
        </class>
        <class name="NextBikeDataParser.Parser" filename="Parser.cs" line-rate="1" branch-rate="1" complexity="11">
          <methods>
            <method name="ValidationHandler" signature="(System.Object,System.Xml.Schema.ValidationEventArgs)" line-rate="1" branch-rate="1" complexity="1">
              <lines>
                <line number="21" hits="1" branch="False" />
                <line number="22" hits="1" branch="False" />
                <line number="23" hits="1" branch="False" />
                <line number="24" hits="1" branch="False" />
              </lines>
            </method>
            <method name="ReadNextBikesData" signature="(System.String,System.String)" line-rate="1" branch-rate="1" complexity="8">
              <lines>
                <line number="32" hits="4" branch="False" />
                <line number="33" hits="4" branch="False" />
                <line number="35" hits="4" branch="False" />
                <line number="36" hits="5" branch="True" condition-coverage="100% (2/2)">
                  <conditions>
                    <condition number="39" type="jump" coverage="100%" />
                  </conditions>
                </line>
                <line number="37" hits="3" branch="False" />
                <line number="38" hits="3" branch="False" />
                <line number="39" hits="3" branch="False" />
                <line number="41" hits="3" branch="False" />
                <line number="42" hits="3" branch="False" />
                <line number="43" hits="3" branch="False" />
                <line number="44" hits="3" branch="False" />
                <line number="46" hits="3" branch="False" />
                <line number="47" hits="3" branch="False" />
                <line number="49" hits="3" branch="True" condition-coverage="100% (2/2)">
                  <conditions>
                    <condition number="155" type="jump" coverage="100%" />
                  </conditions>
                </line>
                <line number="50" hits="2" branch="False" />
                <line number="51" hits="2" branch="False" />
                <line number="53" hits="2" branch="False" />
                <line number="54" hits="2" branch="False" />
                <line number="55" hits="2" branch="False" />
                <line number="56" hits="108" branch="True" condition-coverage="100% (2/2)">
                  <conditions>
                    <condition number="247" type="jump" coverage="100%" />
                  </conditions>
                </line>
                <line number="57" hits="2" branch="False" />
                <line number="59" hits="2" branch="True" condition-coverage="100% (2/2)">
                  <conditions>
                    <condition number="266" type="jump" coverage="100%" />
                  </conditions>
                </line>
                <line number="60" hits="1" branch="False" />
                <line number="62" hits="1" branch="False" />
                <line number="63" hits="1" branch="False" />
              </lines>
            </method>
            <method name="ReadNextBikesValidatedData" signature="(System.String)" line-rate="1" branch-rate="1" complexity="1">
              <lines>
                <line number="70" hits="1" branch="False" />
                <line number="71" hits="1" branch="False" />
                <line number="72" hits="1" branch="False" />
                <line number="73" hits="1" branch="False" />
                <line number="74" hits="1" branch="False" />
                <line number="75" hits="1" branch="False" />
                <line number="77" hits="1" branch="False" />
                <line number="78" hits="1" branch="False" />
              </lines>
            </method>
            <method name=".cctor" signature="()" line-rate="1" branch-rate="1" complexity="1">
              <lines>
                <line number="12" hits="1" branch="False" />
              </lines>
            </method>
          </methods>
          <lines>
            <line number="21" hits="1" branch="False" />
            <line number="22" hits="1" branch="False" />
            <line number="23" hits="1" branch="False" />
            <line number="24" hits="1" branch="False" />
            <line number="32" hits="4" branch="False" />
            <line number="33" hits="4" branch="False" />
            <line number="35" hits="4" branch="False" />
            <line number="36" hits="5" branch="True" condition-coverage="100% (2/2)">
              <conditions>
                <condition number="39" type="jump" coverage="100%" />
              </conditions>
            </line>
            <line number="37" hits="3" branch="False" />
            <line number="38" hits="3" branch="False" />
            <line number="39" hits="3" branch="False" />
            <line number="41" hits="3" branch="False" />
            <line number="42" hits="3" branch="False" />
            <line number="43" hits="3" branch="False" />
            <line number="44" hits="3" branch="False" />
            <line number="46" hits="3" branch="False" />
            <line number="47" hits="3" branch="False" />
            <line number="49" hits="3" branch="True" condition-coverage="100% (2/2)">
              <conditions>
                <condition number="155" type="jump" coverage="100%" />
              </conditions>
            </line>
            <line number="50" hits="2" branch="False" />
            <line number="51" hits="2" branch="False" />
            <line number="53" hits="2" branch="False" />
            <line number="54" hits="2" branch="False" />
            <line number="55" hits="2" branch="False" />
            <line number="56" hits="108" branch="True" condition-coverage="100% (2/2)">
              <conditions>
                <condition number="247" type="jump" coverage="100%" />
              </conditions>
            </line>
            <line number="57" hits="2" branch="False" />
            <line number="59" hits="2" branch="True" condition-coverage="100% (2/2)">
              <conditions>
                <condition number="266" type="jump" coverage="100%" />
              </conditions>
            </line>
            <line number="60" hits="1" branch="False" />
            <line number="62" hits="1" branch="False" />
            <line number="63" hits="1" branch="False" />
            <line number="70" hits="1" branch="False" />
            <line number="71" hits="1" branch="False" />
            <line number="72" hits="1" branch="False" />
            <line number="73" hits="1" branch="False" />
            <line number="74" hits="1" branch="False" />
            <line number="75" hits="1" branch="False" />
            <line number="77" hits="1" branch="False" />
            <line number="78" hits="1" branch="False" />
            <line number="12" hits="1" branch="False" />
          </lines>
        </class>
      </classes>
    </package>
  </packages>
</coverage>