<?xml version="1.0" encoding="utf-8"?>
<coverage line-rate="1" branch-rate="1" version="1.9" timestamp="1639614491" lines-covered="79" lines-valid="79" branches-covered="18" branches-valid="18">
  <sources>
    <source>C:\Users\hiryleu\Pulpit\FreeturiloBackend\NextBikeApiService\Helpers\</source>
  </sources>
  <packages>
    <package name="FreeturiloWebApi" line-rate="1" branch-rate="1" complexity="0">
      <classes />
    </package>
    <package name="NextBikeApiService" line-rate="1" branch-rate="1" complexity="20">
      <classes>
        <class name="NextBikeApiService.Helpers.BikeDataComparer" filename="BikeDataComparer.cs" line-rate="1" branch-rate="1" complexity="8">
          <methods>
            <method name="Compare" signature="(NextBikeDataParser.markers,FreeturiloWebApi.DTO.StationDTO[])" line-rate="1" branch-rate="1" complexity="8">
              <lines>
                <line number="14" hits="5" branch="False" />
                <line number="15" hits="5" branch="False" />
                <line number="17" hits="655" branch="True" condition-coverage="100% (2/2)">
                  <conditions>
                    <condition number="258" type="jump" coverage="100%" />
                  </conditions>
                </line>
                <line number="18" hits="320" branch="False" />
                <line number="19" hits="645" branch="False" />
                <line number="20" hits="320" branch="True" condition-coverage="100% (2/2)">
                  <conditions>
                    <condition number="82" type="jump" coverage="100%" />
                  </conditions>
                </line>
                <line number="21" hits="314" branch="False" />
                <line number="22" hits="314" branch="False" />
                <line number="24" hits="6" branch="True" condition-coverage="100% (4/4)">
                  <conditions>
                    <condition number="131" type="jump" coverage="100%" />
                    <condition number="184" type="jump" coverage="100%" />
                  </conditions>
                </line>
                <line number="25" hits="4" branch="False" />
                <line number="26" hits="4" branch="False" />
                <line number="27" hits="4" branch="False" />
                <line number="29" hits="4" branch="False" />
                <line number="30" hits="4" branch="False" />
                <line number="31" hits="6" branch="False" />
                <line number="33" hits="5" branch="False" />
                <line number="34" hits="5" branch="False" />
              </lines>
            </method>
          </methods>
          <lines>
            <line number="14" hits="5" branch="False" />
            <line number="15" hits="5" branch="False" />
            <line number="17" hits="655" branch="True" condition-coverage="100% (2/2)">
              <conditions>
                <condition number="258" type="jump" coverage="100%" />
              </conditions>
            </line>
            <line number="18" hits="320" branch="False" />
            <line number="19" hits="645" branch="False" />
            <line number="20" hits="320" branch="True" condition-coverage="100% (2/2)">
              <conditions>
                <condition number="82" type="jump" coverage="100%" />
              </conditions>
            </line>
            <line number="21" hits="314" branch="False" />
            <line number="22" hits="314" branch="False" />
            <line number="24" hits="6" branch="True" condition-coverage="100% (4/4)">
              <conditions>
                <condition number="131" type="jump" coverage="100%" />
                <condition number="184" type="jump" coverage="100%" />
              </conditions>
            </line>
            <line number="25" hits="4" branch="False" />
            <line number="26" hits="4" branch="False" />
            <line number="27" hits="4" branch="False" />
            <line number="29" hits="4" branch="False" />
            <line number="30" hits="4" branch="False" />
            <line number="31" hits="6" branch="False" />
            <line number="33" hits="5" branch="False" />
            <line number="34" hits="5" branch="False" />
          </lines>
        </class>
        <class name="NextBikeApiService.Helpers.NextBikeApiHandler" filename="NextBikeApiHandler.cs" line-rate="1" branch-rate="1" complexity="8">
          <methods>
            <method name="GetNextBikeData" signature="(Microsoft.Extensions.Logging.ILogger,System.Boolean,System.String,System.String,System.String,System.String)" line-rate="1" branch-rate="1" complexity="8">
              <lines>
                <line number="22" hits="4" branch="False" />
                <line number="25" hits="4" branch="True" condition-coverage="100% (2/2)">
                  <conditions>
                    <condition number="4" type="jump" coverage="100%" />
                  </conditions>
                </line>
                <line number="26" hits="2" branch="False" />
                <line number="27" hits="2" branch="True" condition-coverage="100% (2/2)">
                  <conditions>
                    <condition number="10" type="jump" coverage="100%" />
                  </conditions>
                </line>
                <line number="28" hits="1" branch="False" />
                <line number="29" hits="1" branch="False" />
                <line number="31" hits="2" branch="False" />
                <line number="33" hits="2" branch="False" />
                <line number="35" hits="2" branch="True" condition-coverage="100% (2/2)">
                  <conditions>
                    <condition number="53" type="jump" coverage="100%" />
                  </conditions>
                </line>
                <line number="36" hits="1" branch="False" />
                <line number="37" hits="1" branch="False" />
                <line number="38" hits="1" branch="True" condition-coverage="100% (2/2)">
                  <conditions>
                    <condition number="108" type="jump" coverage="100%" />
                  </conditions>
                </line>
                <line number="39" hits="1" branch="False" />
                <line number="41" hits="1" branch="False" />
                <line number="42" hits="1" branch="False" />
                <line number="43" hits="1" branch="False" />
                <line number="44" hits="1" branch="False" />
                <line number="45" hits="1" branch="False" />
                <line number="46" hits="1" branch="False" />
                <line number="48" hits="1" branch="False" />
                <line number="50" hits="2" branch="False" />
                <line number="51" hits="2" branch="False" />
                <line number="53" hits="3" branch="False" />
              </lines>
            </method>
          </methods>
          <lines>
            <line number="22" hits="4" branch="False" />
            <line number="25" hits="4" branch="True" condition-coverage="100% (2/2)">
              <conditions>
                <condition number="4" type="jump" coverage="100%" />
              </conditions>
            </line>
            <line number="26" hits="2" branch="False" />
            <line number="27" hits="2" branch="True" condition-coverage="100% (2/2)">
              <conditions>
                <condition number="10" type="jump" coverage="100%" />
              </conditions>
            </line>
            <line number="28" hits="1" branch="False" />
            <line number="29" hits="1" branch="False" />
            <line number="31" hits="2" branch="False" />
            <line number="33" hits="2" branch="False" />
            <line number="35" hits="2" branch="True" condition-coverage="100% (2/2)">
              <conditions>
                <condition number="53" type="jump" coverage="100%" />
              </conditions>
            </line>
            <line number="36" hits="1" branch="False" />
            <line number="37" hits="1" branch="False" />
            <line number="38" hits="1" branch="True" condition-coverage="100% (2/2)">
              <conditions>
                <condition number="108" type="jump" coverage="100%" />
              </conditions>
            </line>
            <line number="39" hits="1" branch="False" />
            <line number="41" hits="1" branch="False" />
            <line number="42" hits="1" branch="False" />
            <line number="43" hits="1" branch="False" />
            <line number="44" hits="1" branch="False" />
            <line number="45" hits="1" branch="False" />
            <line number="46" hits="1" branch="False" />
            <line number="48" hits="1" branch="False" />
            <line number="50" hits="2" branch="False" />
            <line number="51" hits="2" branch="False" />
            <line number="53" hits="3" branch="False" />
          </lines>
        </class>
        <class name="NextBikeApiService.Helpers.WorkerHandler" filename="WorkerHandler.cs" line-rate="1" branch-rate="1" complexity="4">
          <methods>
            <method name="Work" signature="()" line-rate="1" branch-rate="1" complexity="2">
              <lines>
                <line number="31" hits="5" branch="False" />
                <line number="32" hits="5" branch="False" />
                <line number="33" hits="5" branch="False" />
                <line number="36" hits="5" branch="False" />
                <line number="37" hits="5" branch="False" />
                <line number="38" hits="4" branch="False" />
                <line number="39" hits="4" branch="False" />
                <line number="40" hits="1" branch="False" />
                <line number="41" hits="1" branch="False" />
                <line number="42" hits="1" branch="False" />
                <line number="43" hits="1" branch="False" />
                <line number="45" hits="5" branch="True" condition-coverage="100% (2/2)">
                  <conditions>
                    <condition number="106" type="jump" coverage="100%" />
                  </conditions>
                </line>
                <line number="46" hits="1" branch="False" />
                <line number="47" hits="1" branch="False" />
                <line number="48" hits="1" branch="False" />
                <line number="50" hits="4" branch="False" />
                <line number="52" hits="4" branch="False" />
                <line number="53" hits="4" branch="False" />
                <line number="54" hits="4" branch="False" />
                <line number="55" hits="4" branch="False" />
                <line number="56" hits="4" branch="False" />
                <line number="57" hits="4" branch="False" />
                <line number="58" hits="3" branch="False" />
                <line number="59" hits="3" branch="False" />
                <line number="60" hits="1" branch="False" />
                <line number="61" hits="1" branch="False" />
                <line number="62" hits="1" branch="False" />
                <line number="63" hits="1" branch="False" />
                <line number="64" hits="4" branch="False" />
                <line number="65" hits="5" branch="False" />
              </lines>
            </method>
            <method name=".ctor" signature="(Microsoft.Extensions.Logging.ILogger`1&lt;NextBikeApiService.Helpers.WorkerHandler&gt;,NextBikeApiService.Helpers.INextBikeApiHandler,FreeturiloWebApi.HttpMethods.IUserMethods,FreeturiloWebApi.HttpMethods.IAppMethods,FreeturiloWebApi.HttpMethods.IStationMethods)" line-rate="1" branch-rate="1" complexity="1">
              <lines>
                <line number="22" hits="3" branch="False" />
                <line number="23" hits="3" branch="False" />
                <line number="24" hits="3" branch="False" />
                <line number="25" hits="3" branch="False" />
                <line number="26" hits="3" branch="False" />
                <line number="27" hits="3" branch="False" />
                <line number="28" hits="3" branch="False" />
                <line number="29" hits="3" branch="False" />
              </lines>
            </method>
            <method name=".cctor" signature="()" line-rate="1" branch-rate="1" complexity="1">
              <lines>
                <line number="13" hits="1" branch="False" />
              </lines>
            </method>
          </methods>
          <lines>
            <line number="31" hits="5" branch="False" />
            <line number="32" hits="5" branch="False" />
            <line number="33" hits="5" branch="False" />
            <line number="36" hits="5" branch="False" />
            <line number="37" hits="5" branch="False" />
            <line number="38" hits="4" branch="False" />
            <line number="39" hits="4" branch="False" />
            <line number="40" hits="1" branch="False" />
            <line number="41" hits="1" branch="False" />
            <line number="42" hits="1" branch="False" />
            <line number="43" hits="1" branch="False" />
            <line number="45" hits="5" branch="True" condition-coverage="100% (2/2)">
              <conditions>
                <condition number="106" type="jump" coverage="100%" />
              </conditions>
            </line>
            <line number="46" hits="1" branch="False" />
            <line number="47" hits="1" branch="False" />
            <line number="48" hits="1" branch="False" />
            <line number="50" hits="4" branch="False" />
            <line number="52" hits="4" branch="False" />
            <line number="53" hits="4" branch="False" />
            <line number="54" hits="4" branch="False" />
            <line number="55" hits="4" branch="False" />
            <line number="56" hits="4" branch="False" />
            <line number="57" hits="4" branch="False" />
            <line number="58" hits="3" branch="False" />
            <line number="59" hits="3" branch="False" />
            <line number="60" hits="1" branch="False" />
            <line number="61" hits="1" branch="False" />
            <line number="62" hits="1" branch="False" />
            <line number="63" hits="1" branch="False" />
            <line number="64" hits="4" branch="False" />
            <line number="65" hits="5" branch="False" />
            <line number="22" hits="3" branch="False" />
            <line number="23" hits="3" branch="False" />
            <line number="24" hits="3" branch="False" />
            <line number="25" hits="3" branch="False" />
            <line number="26" hits="3" branch="False" />
            <line number="27" hits="3" branch="False" />
            <line number="28" hits="3" branch="False" />
            <line number="29" hits="3" branch="False" />
            <line number="13" hits="1" branch="False" />
          </lines>
        </class>
      </classes>
    </package>
    <package name="NextBikeDataParser" line-rate="1" branch-rate="1" complexity="0">
      <classes />
    </package>
  </packages>
</coverage>